# JRE version: Java(TM) SE Runtime Environment (8.0_231-b11) (build 1.8.0_231-b11)
# Java VM: Java HotSpot(TM) 64-Bit Server VM (25.231-b11 mixed mode windows-amd64 compressed oops)
Heap:
 PSYoungGen      total 262144K, used 113550K [0x000000076b180000, 0x0000000780b00000, 0x00000007c0000000)
  eden space 249344K, 40% used [0x000000076b180000,0x0000000771449d90,0x000000077a500000)
  from space 12800K, 96% used [0x000000077fe80000,0x0000000780a99b80,0x0000000780b00000)
  to   space 20992K, 0% used [0x000000077e200000,0x000000077e200000,0x000000077f680000)
 ParOldGen       total 240128K, used 38833K [0x00000006c1400000, 0x00000006cfe80000, 0x000000076b180000)
  object space 240128K, 16% used [0x00000006c1400000,0x00000006c39ec650,0x00000006cfe80000)
 Metaspace       used 71082K, capacity 74864K, committed 75136K, reserved 1114112K
  class space    used 9578K, capacity 10254K, committed 10368K, reserved 1048576K
GC Heap History (10 events):
Event: 10161.348 GC heap before
{Heap before GC invocations=21 (full 3):
 PSYoungGen      total 300032K, used 299872K [0x000000076b180000, 0x0000000783e80000, 0x00000007c0000000)
  eden space 287232K, 100% used [0x000000076b180000,0x000000077ca00000,0x000000077ca00000)
  from space 12800K, 98% used [0x0000000781c00000,0x00000007828581a0,0x0000000782880000)
  to   space 22528K, 0% used [0x0000000782880000,0x0000000782880000,0x0000000783e80000)
 ParOldGen       total 240128K, used 38793K [0x00000006c1400000, 0x00000006cfe80000, 0x000000076b180000)
  object space 240128K, 16% used [0x00000006c1400000,0x00000006c39e2650,0x00000006cfe80000)
 Metaspace       used 70630K, capacity 74434K, committed 74624K, reserved 1114112K
  class space    used 9568K, capacity 10249K, committed 10368K, reserved 1048576K
Event: 10161.359 GC heap after
Heap after GC invocations=21 (full 3):
 PSYoungGen      total 291328K, used 12006K [0x000000076b180000, 0x0000000783480000, 0x00000007c0000000)
  eden space 279040K, 0% used [0x000000076b180000,0x000000076b180000,0x000000077c200000)
  from space 12288K, 97% used [0x0000000782880000,0x0000000783439a50,0x0000000783480000)
  to   space 24064K, 0% used [0x0000000780580000,0x0000000780580000,0x0000000781d00000)
 ParOldGen       total 240128K, used 38801K [0x00000006c1400000, 0x00000006cfe80000, 0x000000076b180000)
  object space 240128K, 16% used [0x00000006c1400000,0x00000006c39e4650,0x00000006cfe80000)
 Metaspace       used 70630K, capacity 74434K, committed 74624K, reserved 1114112K
  class space    used 9568K, capacity 10249K, committed 10368K, reserved 1048576K
}
Event: 15785.613 GC heap before
{Heap before GC invocations=22 (full 3):
 PSYoungGen      total 291328K, used 291046K [0x000000076b180000, 0x0000000783480000, 0x00000007c0000000)
  eden space 279040K, 100% used [0x000000076b180000,0x000000077c200000,0x000000077c200000)
  from space 12288K, 97% used [0x0000000782880000,0x0000000783439a50,0x0000000783480000)
  to   space 24064K, 0% used [0x0000000780580000,0x0000000780580000,0x0000000781d00000)
 ParOldGen       total 240128K, used 38801K [0x00000006c1400000, 0x00000006cfe80000, 0x000000076b180000)
  object space 240128K, 16% used [0x00000006c1400000,0x00000006c39e4650,0x00000006cfe80000)
 Metaspace       used 71027K, capacity 74856K, committed 75136K, reserved 1114112K
  class space    used 9571K, capacity 10250K, committed 10368K, reserved 1048576K
Event: 15785.661 GC heap after
Heap after GC invocations=22 (full 3):
 PSYoungGen      total 283648K, used 12048K [0x000000076b180000, 0x0000000782900000, 0x00000007c0000000)
  eden space 271360K, 0% used [0x000000076b180000,0x000000076b180000,0x000000077ba80000)
  from space 12288K, 98% used [0x0000000780580000,0x0000000781144190,0x0000000781180000)
  to   space 23040K, 0% used [0x0000000781280000,0x0000000781280000,0x0000000782900000)
 ParOldGen       total 240128K, used 38809K [0x00000006c1400000, 0x00000006cfe80000, 0x000000076b180000)
  object space 240128K, 16% used [0x00000006c1400000,0x00000006c39e6650,0x00000006cfe80000)
 Metaspace       used 71027K, capacity 74856K, committed 75136K, reserved 1114112K
  class space    used 9571K, capacity 10250K, committed 10368K, reserved 1048576K
}
Event: 19470.558 GC heap before
{Heap before GC invocations=23 (full 3):
 PSYoungGen      total 283648K, used 283408K [0x000000076b180000, 0x0000000782900000, 0x00000007c0000000)
  eden space 271360K, 100% used [0x000000076b180000,0x000000077ba80000,0x000000077ba80000)
  from space 12288K, 98% used [0x0000000780580000,0x0000000781144190,0x0000000781180000)
  to   space 23040K, 0% used [0x0000000781280000,0x0000000781280000,0x0000000782900000)
 ParOldGen       total 240128K, used 38809K [0x00000006c1400000, 0x00000006cfe80000, 0x000000076b180000)
  object space 240128K, 16% used [0x00000006c1400000,0x00000006c39e6650,0x00000006cfe80000)
 Metaspace       used 71036K, capacity 74856K, committed 75136K, reserved 1114112K
  class space    used 9571K, capacity 10250K, committed 10368K, reserved 1048576K
Event: 19470.651 GC heap after
Heap after GC invocations=23 (full 3):
 PSYoungGen      total 275968K, used 11877K [0x000000076b180000, 0x0000000781e80000, 0x00000007c0000000)
  eden space 263680K, 0% used [0x000000076b180000,0x000000076b180000,0x000000077b300000)
  from space 12288K, 96% used [0x0000000781280000,0x0000000781e19590,0x0000000781e80000)
  to   space 22528K, 0% used [0x000000077f280000,0x000000077f280000,0x0000000780880000)
 ParOldGen       total 240128K, used 38817K [0x00000006c1400000, 0x00000006cfe80000, 0x000000076b180000)
  object space 240128K, 16% used [0x00000006c1400000,0x00000006c39e8650,0x00000006cfe80000)
 Metaspace       used 71036K, capacity 74856K, committed 75136K, reserved 1114112K
  class space    used 9571K, capacity 10250K, committed 10368K, reserved 1048576K
}
Event: 38860.356 GC heap before
{Heap before GC invocations=24 (full 3):
 PSYoungGen      total 275968K, used 275557K [0x000000076b180000, 0x0000000781e80000, 0x00000007c0000000)
  eden space 263680K, 100% used [0x000000076b180000,0x000000077b300000,0x000000077b300000)
  from space 12288K, 96% used [0x0000000781280000,0x0000000781e19590,0x0000000781e80000)
  to   space 22528K, 0% used [0x000000077f280000,0x000000077f280000,0x0000000780880000)
 ParOldGen       total 240128K, used 38817K [0x00000006c1400000, 0x00000006cfe80000, 0x000000076b180000)
  object space 240128K, 16% used [0x00000006c1400000,0x00000006c39e8650,0x00000006cfe80000)
 Metaspace       used 71044K, capacity 74856K, committed 75136K, reserved 1114112K
  class space    used 9575K, capacity 10250K, committed 10368K, reserved 1048576K
Event: 38860.427 GC heap after
Heap after GC invocations=24 (full 3):
 PSYoungGen      total 268800K, used 11898K [0x000000076b180000, 0x0000000781300000, 0x00000007c0000000)
  eden space 256512K, 0% used [0x000000076b180000,0x000000076b180000,0x000000077ac00000)
  from space 12288K, 96% used [0x000000077f280000,0x000000077fe1e950,0x000000077fe80000)
  to   space 20992K, 0% used [0x000000077fe80000,0x000000077fe80000,0x0000000781300000)
 ParOldGen       total 240128K, used 38825K [0x00000006c1400000, 0x00000006cfe80000, 0x000000076b180000)
  object space 240128K, 16% used [0x00000006c1400000,0x00000006c39ea650,0x00000006cfe80000)
 Metaspace       used 71044K, capacity 74856K, committed 75136K, reserved 1114112K
  class space    used 9575K, capacity 10250K, committed 10368K, reserved 1048576K
}
Event: 45010.593 GC heap before
{Heap before GC invocations=25 (full 3):
 PSYoungGen      total 268800K, used 268410K [0x000000076b180000, 0x0000000781300000, 0x00000007c0000000)
  eden space 256512K, 100% used [0x000000076b180000,0x000000077ac00000,0x000000077ac00000)
  from space 12288K, 96% used [0x000000077f280000,0x000000077fe1e950,0x000000077fe80000)
  to   space 20992K, 0% used [0x000000077fe80000,0x000000077fe80000,0x0000000781300000)
 ParOldGen       total 240128K, used 38825K [0x00000006c1400000, 0x00000006cfe80000, 0x000000076b180000)
  object space 240128K, 16% used [0x00000006c1400000,0x00000006c39ea650,0x00000006cfe80000)
 Metaspace       used 71082K, capacity 74864K, committed 75136K, reserved 1114112K
  class space    used 9578K, capacity 10254K, committed 10368K, reserved 1048576K
Event: 45010.624 GC heap after
Heap after GC invocations=25 (full 3):
 PSYoungGen      total 262144K, used 12390K [0x000000076b180000, 0x0000000780b00000, 0x00000007c0000000)
  eden space 249344K, 0% used [0x000000076b180000,0x000000076b180000,0x000000077a500000)
  from space 12800K, 96% used [0x000000077fe80000,0x0000000780a99b80,0x0000000780b00000)
  to   space 20992K, 0% used [0x000000077e200000,0x000000077e200000,0x000000077f680000)
 ParOldGen       total 240128K, used 38833K [0x00000006c1400000, 0x00000006cfe80000, 0x000000076b180000)
  object space 240128K, 16% used [0x00000006c1400000,0x00000006c39ec650,0x00000006cfe80000)
 Metaspace       used 71082K, capacity 74864K, committed 75136K, reserved 1114112K
  class space    used 9578K, capacity 10254K, committed 10368K, reserved 1048576K
}

